<?xml version="1.0" encoding="UTF-8"?>
<!-- Generated by org.testng.reporters.JUnitReportReporter -->
<testsuite hostname="BigLenovo" failures="0" tests="1" name="QA_Test_pkg.C_firstTenUnique" time="8.412" errors="0" timestamp="2023-08-03T00:00:30 EDT" skipped="0">
  <testcase classname="QA_Test_pkg.C_firstTenUnique" name="C_firstTenUniqueTest" time="8.412"/>
  <system-out/>
</testsuite> <!-- QA_Test_pkg.C_firstTenUnique -->
