<?xml version="1.0" encoding="UTF-8"?>
<!-- Generated by org.testng.reporters.JUnitReportReporter -->
<testsuite hostname="BigLenovo" failures="0" tests="1" name="QA_Test_pkg.D_newlyFoundLinks" time="14.298" errors="0" timestamp="2023-08-03T00:33:16 EDT" skipped="0">
  <testcase classname="QA_Test_pkg.D_newlyFoundLinks" name="D_newlyFoundLinksTest" time="14.298"/>
  <system-out/>
</testsuite> <!-- QA_Test_pkg.D_newlyFoundLinks -->
